<?xml version="1.0" encoding="UTF-8"?>
<!-- Generated by org.testng.reporters.JUnitXMLReporter -->
<testsuite ignored="0" hostname="DESKTOP-2O1IECR" failures="0" tests="3" name="Test" time="0.055" errors="0" timestamp="2023-04-05T13:18:31 IST">
  <testcase classname="vtiger.Practice.TestNGPracticeTest" name="createUserTest" time="0.006"/>
  <testcase classname="vtiger.Practice.TestNGPracticeTest" name="deleteUserTest" time="0.001"/>
  <testcase classname="vtiger.Practice.TestNGPracticeTest" name="modifyUserTest" time="0.001"/>
</testsuite> <!-- Test -->
